2019-09-09 11:16:31.135  INFO 6892 --- [main] c.kalpesh.gharte.login.LoginApplication  : Starting LoginApplication on DESKTOP-B1KFIDC with PID 6892 (C:\Kalpesh\Spring\Microservice\login\target\classes started by KalpeshGharte in C:\Kalpesh\Spring\Microservice\login)
2019-09-09 11:16:31.199  INFO 6892 --- [main] c.kalpesh.gharte.login.LoginApplication  : No active profile set, falling back to default profiles: default
2019-09-09 11:16:33.192  INFO 6892 --- [main] .s.d.r.c.RepositoryConfigurationDelegate : Bootstrapping Spring Data repositories in DEFAULT mode.
2019-09-09 11:16:33.379  INFO 6892 --- [main] .s.d.r.c.RepositoryConfigurationDelegate : Finished Spring Data repository scanning in 171ms. Found 1 repository interfaces.
2019-09-09 11:16:37.394  INFO 6892 --- [main] o.s.b.w.embedded.tomcat.TomcatWebServer  : Tomcat initialized with port(s): 8099 (http)
2019-09-09 11:16:37.479  INFO 6892 --- [main] o.apache.catalina.core.StandardService   : Starting service [Tomcat]
2019-09-09 11:16:37.480  INFO 6892 --- [main] org.apache.catalina.core.StandardEngine  : Starting Servlet engine: [Apache Tomcat/9.0.22]
2019-09-09 11:16:37.796  INFO 6892 --- [main] o.a.c.c.C.[Tomcat].[localhost].[/]       : Initializing Spring embedded WebApplicationContext
2019-09-09 11:16:37.803  INFO 6892 --- [main] o.s.web.context.ContextLoader            : Root WebApplicationContext: initialization completed in 6409 ms
2019-09-09 11:16:41.297  INFO 6892 --- [main] org.mongodb.driver.cluster               : Cluster created with settings {hosts=[localhost:27017], mode=MULTIPLE, requiredClusterType=UNKNOWN, serverSelectionTimeout='30000 ms', maxWaitQueueSize=500}
2019-09-09 11:16:41.304  INFO 6892 --- [main] org.mongodb.driver.cluster               : Adding discovered server localhost:27017 to client view of cluster
2019-09-09 11:16:41.555  INFO 6892 --- [cluster-ClusterId{value='5d75e741cb5e801aec973c3d', description='null'}-localhost:27017] org.mongodb.driver.connection            : Opened connection [connectionId{localValue:1, serverValue:2}] to localhost:27017
2019-09-09 11:16:41.712  INFO 6892 --- [cluster-ClusterId{value='5d75e741cb5e801aec973c3d', description='null'}-localhost:27017] org.mongodb.driver.cluster               : Monitor thread successfully connected to server with description ServerDescription{address=localhost:27017, type=STANDALONE, state=CONNECTED, ok=true, version=ServerVersion{versionList=[3, 4, 20]}, minWireVersion=0, maxWireVersion=5, maxDocumentSize=16777216, logicalSessionTimeoutMinutes=null, roundTripTimeNanos=3251700}
2019-09-09 11:16:42.505  INFO 6892 --- [cluster-ClusterId{value='5d75e741cb5e801aec973c3d', description='null'}-localhost:27017] org.mongodb.driver.cluster               : Discovered cluster type of STANDALONE
2019-09-09 11:16:44.687  INFO 6892 --- [main] o.s.s.concurrent.ThreadPoolTaskExecutor  : Initializing ExecutorService 'applicationTaskExecutor'
2019-09-09 11:16:46.270  INFO 6892 --- [main] o.s.a.r.c.CachingConnectionFactory       : Attempting to connect to: [localhost:5672]
2019-09-09 11:16:46.898  INFO 6892 --- [main] o.s.a.r.c.CachingConnectionFactory       : Created new connection: rabbitConnectionFactory#7a18145d:0/SimpleConnection@305c3ee0 [delegate=amqp://guest@127.0.0.1:5672/, localPort= 58286]
2019-09-09 11:16:47.274  INFO 6892 --- [main] org.mongodb.driver.connection            : Opened connection [connectionId{localValue:2, serverValue:3}] to localhost:27017
2019-09-09 11:16:47.451  INFO 6892 --- [main] o.s.b.w.embedded.tomcat.TomcatWebServer  : Tomcat started on port(s): 8099 (http) with context path ''
2019-09-09 11:16:47.461  INFO 6892 --- [main] c.kalpesh.gharte.login.LoginApplication  : Started LoginApplication in 17.353 seconds (JVM running for 68.895)
2019-09-09 11:18:01.199  INFO 6892 --- [http-nio-8099-exec-2] o.a.c.c.C.[Tomcat].[localhost].[/]       : Initializing Spring DispatcherServlet 'dispatcherServlet'
2019-09-09 11:18:01.201  INFO 6892 --- [http-nio-8099-exec-2] o.s.web.servlet.DispatcherServlet        : Initializing Servlet 'dispatcherServlet'
2019-09-09 11:18:01.250  INFO 6892 --- [http-nio-8099-exec-2] o.s.web.servlet.DispatcherServlet        : Completed initialization in 46 ms
2019-09-09 11:19:31.500  INFO 6892 --- [Thread-3] o.s.a.r.l.SimpleMessageListenerContainer : Waiting for workers to finish.
2019-09-09 11:19:32.423  INFO 6892 --- [Thread-3] o.s.a.r.l.SimpleMessageListenerContainer : Successfully waited for workers to finish.
2019-09-09 11:19:32.457  INFO 6892 --- [Thread-3] o.s.a.r.l.SimpleMessageListenerContainer : Shutdown ignored - container is not active already
2019-09-09 11:19:32.461  INFO 6892 --- [Thread-3] o.s.s.concurrent.ThreadPoolTaskExecutor  : Shutting down ExecutorService 'applicationTaskExecutor'
2019-09-09 11:19:32.481  INFO 6892 --- [Thread-3] org.mongodb.driver.connection            : Closed connection [connectionId{localValue:2, serverValue:3}] to localhost:27017 because the pool has been closed.
